# JRE version: OpenJDK Runtime Environment (8.0_332-b09) (build 1.8.0_332-b09)
# Java VM: OpenJDK 64-Bit Server VM (25.332-b09 mixed mode linux-amd64 compressed oops)
Heap:
 PSYoungGen      total 3130880K, used 1643283K [0x0000000671d80000, 0x00000007c0000000, 0x00000007c0000000)
  eden space 1306112K, 0% used [0x0000000671d80000,0x0000000671d80000,0x00000006c1900000)
  from space 1824768K, 90% used [0x00000006c1900000,0x0000000725dc4ce0,0x0000000730f00000)
  to   space 1824768K, 0% used [0x0000000750a00000,0x0000000750a00000,0x00000007c0000000)
 ParOldGen       total 4617728K, used 4617453K [0x00000003d5800000, 0x00000004ef580000, 0x0000000671d80000)
  object space 4617728K, 99% used [0x00000003d5800000,0x00000004ef53b718,0x00000004ef580000)
 Metaspace       used 2960K, capacity 4486K, committed 4864K, reserved 1056768K
  class space    used 278K, capacity 386K, committed 512K, reserved 1048576K
GC Heap History (33 events):
Event: 0.101 GC heap before
{Heap before GC invocations=1 (full 0):
 PSYoungGen      total 300032K, used 257536K [0x0000000671d80000, 0x0000000686c00000, 0x00000007c0000000)
  eden space 257536K, 100% used [0x0000000671d80000,0x0000000681900000,0x0000000681900000)
  from space 42496K, 0% used [0x0000000684280000,0x0000000684280000,0x0000000686c00000)
  to   space 42496K, 0% used [0x0000000681900000,0x0000000681900000,0x0000000684280000)
 ParOldGen       total 685568K, used 0K [0x00000003d5800000, 0x00000003ff580000, 0x0000000671d80000)
  object space 685568K, 0% used [0x00000003d5800000,0x00000003d5800000,0x00000003ff580000)
 Metaspace       used 2960K, capacity 4486K, committed 4864K, reserved 1056768K
  class space    used 278K, capacity 386K, committed 512K, reserved 1048576K
Event: 0.126 GC heap after
Heap after GC invocations=1 (full 0):
 PSYoungGen      total 300032K, used 42485K [0x0000000671d80000, 0x0000000696780000, 0x00000007c0000000)
  eden space 257536K, 0% used [0x0000000671d80000,0x0000000671d80000,0x0000000681900000)
  from space 42496K, 99% used [0x0000000681900000,0x000000068427d5c0,0x0000000684280000)
  to   space 42496K, 0% used [0x0000000693e00000,0x0000000693e00000,0x0000000696780000)
 ParOldGen       total 685568K, used 105849K [0x00000003d5800000, 0x00000003ff580000, 0x0000000671d80000)
  object space 685568K, 15% used [0x00000003d5800000,0x00000003dbf5e430,0x00000003ff580000)
 Metaspace       used 2960K, capacity 4486K, committed 4864K, reserved 1056768K
  class space    used 278K, capacity 386K, committed 512K, reserved 1048576K
}
Event: 0.144 GC heap before
{Heap before GC invocations=2 (full 0):
 PSYoungGen      total 300032K, used 300021K [0x0000000671d80000, 0x0000000696780000, 0x00000007c0000000)
  eden space 257536K, 100% used [0x0000000671d80000,0x0000000681900000,0x0000000681900000)
  from space 42496K, 99% used [0x0000000681900000,0x000000068427d5c0,0x0000000684280000)
  to   space 42496K, 0% used [0x0000000693e00000,0x0000000693e00000,0x0000000696780000)
 ParOldGen       total 685568K, used 105849K [0x00000003d5800000, 0x00000003ff580000, 0x0000000671d80000)
  object space 685568K, 15% used [0x00000003d5800000,0x00000003dbf5e430,0x00000003ff580000)
 Metaspace       used 2960K, capacity 4486K, committed 4864K, reserved 1056768K
  class space    used 278K, capacity 386K, committed 512K, reserved 1048576K
Event: 0.182 GC heap after
Heap after GC invocations=2 (full 0):
 PSYoungGen      total 557568K, used 42496K [0x0000000671d80000, 0x0000000696780000, 0x00000007c0000000)
  eden space 515072K, 0% used [0x0000000671d80000,0x0000000671d80000,0x0000000691480000)
  from space 42496K, 100% used [0x0000000693e00000,0x0000000696780000,0x0000000696780000)
  to   space 42496K, 0% used [0x0000000691480000,0x0000000691480000,0x0000000693e00000)
 ParOldGen       total 685568K, used 259852K [0x00000003d5800000, 0x00000003ff580000, 0x0000000671d80000)
  object space 685568K, 37% used [0x00000003d5800000,0x00000003e55c3380,0x00000003ff580000)
 Metaspace       used 2960K, capacity 4486K, committed 4864K, reserved 1056768K
  class space    used 278K, capacity 386K, committed 512K, reserved 1048576K
}
Event: 0.252 GC heap before
{Heap before GC invocations=3 (full 0):
 PSYoungGen      total 557568K, used 557568K [0x0000000671d80000, 0x0000000696780000, 0x00000007c0000000)
  eden space 515072K, 100% used [0x0000000671d80000,0x0000000691480000,0x0000000691480000)
  from space 42496K, 100% used [0x0000000693e00000,0x0000000696780000,0x0000000696780000)
  to   space 42496K, 0% used [0x0000000691480000,0x0000000691480000,0x0000000693e00000)
 ParOldGen       total 685568K, used 259852K [0x00000003d5800000, 0x00000003ff580000, 0x0000000671d80000)
  object space 685568K, 37% used [0x00000003d5800000,0x00000003e55c3380,0x00000003ff580000)
 Metaspace       used 2960K, capacity 4486K, committed 4864K, reserved 1056768K
  class space    used 278K, capacity 386K, committed 512K, reserved 1048576K
Event: 0.330 GC heap after
Heap after GC invocations=3 (full 0):
 PSYoungGen      total 557568K, used 42486K [0x0000000671d80000, 0x00000006b5e80000, 0x00000007c0000000)
  eden space 515072K, 0% used [0x0000000671d80000,0x0000000671d80000,0x0000000691480000)
  from space 42496K, 99% used [0x0000000691480000,0x0000000693dfd908,0x0000000693e00000)
  to   space 42496K, 0% used [0x00000006b3500000,0x00000006b3500000,0x00000006b5e80000)
 ParOldGen       total 685568K, used 567894K [0x00000003d5800000, 0x00000003ff580000, 0x0000000671d80000)
  object space 685568K, 82% used [0x00000003d5800000,0x00000003f8295b98,0x00000003ff580000)
 Metaspace       used 2960K, capacity 4486K, committed 4864K, reserved 1056768K
  class space    used 278K, capacity 386K, committed 512K, reserved 1048576K
}
Event: 0.330 GC heap before
{Heap before GC invocations=4 (full 1):
 PSYoungGen      total 557568K, used 42486K [0x0000000671d80000, 0x00000006b5e80000, 0x00000007c0000000)
  eden space 515072K, 0% used [0x0000000671d80000,0x0000000671d80000,0x0000000691480000)
  from space 42496K, 99% used [0x0000000691480000,0x0000000693dfd908,0x0000000693e00000)
  to   space 42496K, 0% used [0x00000006b3500000,0x00000006b3500000,0x00000006b5e80000)
 ParOldGen       total 685568K, used 567894K [0x00000003d5800000, 0x00000003ff580000, 0x0000000671d80000)
  object space 685568K, 82% used [0x00000003d5800000,0x00000003f8295b98,0x00000003ff580000)
 Metaspace       used 2960K, capacity 4486K, committed 4864K, reserved 1056768K
  class space    used 278K, capacity 386K, committed 512K, reserved 1048576K
Event: 2.952 GC heap after
Heap after GC invocations=4 (full 1):
 PSYoungGen      total 557568K, used 0K [0x0000000671d80000, 0x00000006b5e80000, 0x00000007c0000000)
  eden space 515072K, 0% used [0x0000000671d80000,0x0000000671d80000,0x0000000691480000)
  from space 42496K, 0% used [0x0000000691480000,0x0000000691480000,0x0000000693e00000)
  to   space 42496K, 0% used [0x00000006b3500000,0x00000006b3500000,0x00000006b5e80000)
 ParOldGen       total 1427968K, used 609906K [0x00000003d5800000, 0x000000042ca80000, 0x0000000671d80000)
  object space 1427968K, 42% used [0x00000003d5800000,0x00000003fab9ca60,0x000000042ca80000)
 Metaspace       used 2960K, capacity 4486K, committed 4864K, reserved 1056768K
  class space    used 278K, capacity 386K, committed 512K, reserved 1048576K
}
Event: 2.982 GC heap before
{Heap before GC invocations=5 (full 1):
 PSYoungGen      total 557568K, used 515072K [0x0000000671d80000, 0x00000006b5e80000, 0x00000007c0000000)
  eden space 515072K, 100% used [0x0000000671d80000,0x0000000691480000,0x0000000691480000)
  from space 42496K, 0% used [0x0000000691480000,0x0000000691480000,0x0000000693e00000)
  to   space 42496K, 0% used [0x00000006b3500000,0x00000006b3500000,0x00000006b5e80000)
 ParOldGen       total 1427968K, used 609906K [0x00000003d5800000, 0x000000042ca80000, 0x0000000671d80000)
  object space 1427968K, 42% used [0x00000003d5800000,0x00000003fab9ca60,0x000000042ca80000)
 Metaspace       used 2960K, capacity 4486K, committed 4864K, reserved 1056768K
  class space    used 278K, capacity 386K, committed 512K, reserved 1048576K
Event: 3.025 GC heap after
Heap after GC invocations=5 (full 1):
 PSYoungGen      total 742400K, used 42425K [0x0000000671d80000, 0x00000006b5e80000, 0x00000007c0000000)
  eden space 699904K, 0% used [0x0000000671d80000,0x0000000671d80000,0x000000069c900000)
  from space 42496K, 99% used [0x00000006b3500000,0x00000006b5e6e748,0x00000006b5e80000)
  to   space 42496K, 0% used [0x00000006b0b80000,0x00000006b0b80000,0x00000006b3500000)
 ParOldGen       total 1427968K, used 875692K [0x00000003d5800000, 0x000000042ca80000, 0x0000000671d80000)
  object space 1427968K, 61% used [0x00000003d5800000,0x000000040af2b0f8,0x000000042ca80000)
 Metaspace       used 2960K, capacity 4486K, committed 4864K, reserved 1056768K
  class space    used 278K, capacity 386K, committed 512K, reserved 1048576K
}
Event: 3.083 GC heap before
{Heap before GC invocations=6 (full 1):
 PSYoungGen      total 742400K, used 742329K [0x0000000671d80000, 0x00000006b5e80000, 0x00000007c0000000)
  eden space 699904K, 100% used [0x0000000671d80000,0x000000069c900000,0x000000069c900000)
  from space 42496K, 99% used [0x00000006b3500000,0x00000006b5e6e748,0x00000006b5e80000)
  to   space 42496K, 0% used [0x00000006b0b80000,0x00000006b0b80000,0x00000006b3500000)
 ParOldGen       total 1427968K, used 875692K [0x00000003d5800000, 0x000000042ca80000, 0x0000000671d80000)
  object space 1427968K, 61% used [0x00000003d5800000,0x000000040af2b0f8,0x000000042ca80000)
 Metaspace       used 2960K, capacity 4486K, committed 4864K, reserved 1056768K
  class space    used 278K, capacity 386K, committed 512K, reserved 1048576K
Event: 3.141 GC heap after
Heap after GC invocations=6 (full 1):
 PSYoungGen      total 1016832K, used 42464K [0x0000000671d80000, 0x00000006f1200000, 0x00000007c0000000)
  eden space 974336K, 0% used [0x0000000671d80000,0x0000000671d80000,0x00000006ad500000)
  from space 42496K, 99% used [0x00000006b0b80000,0x00000006b34f8360,0x00000006b3500000)
  to   space 555520K, 0% used [0x00000006cf380000,0x00000006cf380000,0x00000006f1200000)
 ParOldGen       total 1427968K, used 1294255K [0x00000003d5800000, 0x000000042ca80000, 0x0000000671d80000)
  object space 1427968K, 90% used [0x00000003d5800000,0x00000004247ebe78,0x000000042ca80000)
 Metaspace       used 2960K, capacity 4486K, committed 4864K, reserved 1056768K
  class space    used 278K, capacity 386K, committed 512K, reserved 1048576K
}
Event: 3.141 GC heap before
{Heap before GC invocations=7 (full 2):
 PSYoungGen      total 1016832K, used 42464K [0x0000000671d80000, 0x00000006f1200000, 0x00000007c0000000)
  eden space 974336K, 0% used [0x0000000671d80000,0x0000000671d80000,0x00000006ad500000)
  from space 42496K, 99% used [0x00000006b0b80000,0x00000006b34f8360,0x00000006b3500000)
  to   space 555520K, 0% used [0x00000006cf380000,0x00000006cf380000,0x00000006f1200000)
 ParOldGen       total 1427968K, used 1294255K [0x00000003d5800000, 0x000000042ca80000, 0x0000000671d80000)
  object space 1427968K, 90% used [0x00000003d5800000,0x00000004247ebe78,0x000000042ca80000)
 Metaspace       used 2960K, capacity 4486K, committed 4864K, reserved 1056768K
  class space    used 278K, capacity 386K, committed 512K, reserved 1048576K
Event: 3.828 GC heap after
Heap after GC invocations=7 (full 2):
 PSYoungGen      total 1016832K, used 0K [0x0000000671d80000, 0x00000006f1200000, 0x00000007c0000000)
  eden space 974336K, 0% used [0x0000000671d80000,0x0000000671d80000,0x00000006ad500000)
  from space 42496K, 0% used [0x00000006b0b80000,0x00000006b0b80000,0x00000006b3500000)
  to   space 555520K, 0% used [0x00000006cf380000,0x00000006cf380000,0x00000006f1200000)
 ParOldGen       total 2702336K, used 1336352K [0x00000003d5800000, 0x000000047a700000, 0x0000000671d80000)
  object space 2702336K, 49% used [0x00000003d5800000,0x0000000427108218,0x000000047a700000)
 Metaspace       used 2960K, capacity 4486K, committed 4864K, reserved 1056768K
  class space    used 278K, capacity 386K, committed 512K, reserved 1048576K
}
Event: 3.930 GC heap before
{Heap before GC invocations=8 (full 2):
 PSYoungGen      total 1016832K, used 974336K [0x0000000671d80000, 0x00000006f1200000, 0x00000007c0000000)
  eden space 974336K, 100% used [0x0000000671d80000,0x00000006ad500000,0x00000006ad500000)
  from space 42496K, 0% used [0x00000006b0b80000,0x00000006b0b80000,0x00000006b3500000)
  to   space 555520K, 0% used [0x00000006cf380000,0x00000006cf380000,0x00000006f1200000)
 ParOldGen       total 2702336K, used 1336352K [0x00000003d5800000, 0x000000047a700000, 0x0000000671d80000)
  object space 2702336K, 49% used [0x00000003d5800000,0x0000000427108218,0x000000047a700000)
 Metaspace       used 2960K, capacity 4486K, committed 4864K, reserved 1056768K
  class space    used 278K, capacity 386K, committed 512K, reserved 1048576K
Event: 3.995 GC heap after
Heap after GC invocations=8 (full 2):
 PSYoungGen      total 1390080K, used 555484K [0x0000000671d80000, 0x0000000714d00000, 0x00000007c0000000)
  eden space 834560K, 0% used [0x0000000671d80000,0x0000000671d80000,0x00000006a4c80000)
  from space 555520K, 99% used [0x00000006cf380000,0x00000006f11f72a8,0x00000006f1200000)
  to   space 695296K, 0% used [0x00000006a4c80000,0x00000006a4c80000,0x00000006cf380000)
 ParOldGen       total 2702336K, used 1364025K [0x00000003d5800000, 0x000000047a700000, 0x0000000671d80000)
  object space 2702336K, 50% used [0x00000003d5800000,0x0000000428c0e470,0x000000047a700000)
 Metaspace       used 2960K, capacity 4486K, committed 4864K, reserved 1056768K
  class space    used 278K, capacity 386K, committed 512K, reserved 1048576K
}
Event: 4.048 GC heap before
{Heap before GC invocations=9 (full 2):
 PSYoungGen      total 1390080K, used 1390044K [0x0000000671d80000, 0x0000000714d00000, 0x00000007c0000000)
  eden space 834560K, 100% used [0x0000000671d80000,0x00000006a4c80000,0x00000006a4c80000)
  from space 555520K, 99% used [0x00000006cf380000,0x00000006f11f72a8,0x00000006f1200000)
  to   space 695296K, 0% used [0x00000006a4c80000,0x00000006a4c80000,0x00000006cf380000)
 ParOldGen       total 2702336K, used 1364025K [0x00000003d5800000, 0x000000047a700000, 0x0000000671d80000)
  object space 2702336K, 50% used [0x00000003d5800000,0x0000000428c0e470,0x000000047a700000)
 Metaspace       used 2960K, capacity 4486K, committed 4864K, reserved 1056768K
  class space    used 278K, capacity 386K, committed 512K, reserved 1048576K
Event: 4.173 GC heap after
Heap after GC invocations=9 (full 2):
 PSYoungGen      total 1529856K, used 695238K [0x0000000671d80000, 0x0000000721880000, 0x00000007c0000000)
  eden space 834560K, 0% used [0x0000000671d80000,0x0000000671d80000,0x00000006a4c80000)
  from space 695296K, 99% used [0x00000006a4c80000,0x00000006cf3718d0,0x00000006cf380000)
  to   space 850944K, 0% used [0x00000006ed980000,0x00000006ed980000,0x0000000721880000)
 ParOldGen       total 2702336K, used 1722926K [0x00000003d5800000, 0x000000047a700000, 0x0000000671d80000)
  object space 2702336K, 63% used [0x00000003d5800000,0x000000043ea8b9e8,0x000000047a700000)
 Metaspace       used 2960K, capacity 4486K, committed 4864K, reserved 1056768K
  class space    used 278K, capacity 386K, committed 512K, reserved 1048576K
}
Event: 4.229 GC heap before
{Heap before GC invocations=10 (full 2):
 PSYoungGen      total 1529856K, used 1529798K [0x0000000671d80000, 0x0000000721880000, 0x00000007c0000000)
  eden space 834560K, 100% used [0x0000000671d80000,0x00000006a4c80000,0x00000006a4c80000)
  from space 695296K, 99% used [0x00000006a4c80000,0x00000006cf3718d0,0x00000006cf380000)
  to   space 850944K, 0% used [0x00000006ed980000,0x00000006ed980000,0x0000000721880000)
 ParOldGen       total 2702336K, used 1722926K [0x00000003d5800000, 0x000000047a700000, 0x0000000671d80000)
  object space 2702336K, 63% used [0x00000003d5800000,0x000000043ea8b9e8,0x000000047a700000)
 Metaspace       used 2960K, capacity 4486K, committed 4864K, reserved 1056768K
  class space    used 278K, capacity 386K, committed 512K, reserved 1048576K
Event: 4.394 GC heap after
Heap after GC invocations=10 (full 2):
 PSYoungGen      total 1860608K, used 850829K [0x0000000671d80000, 0x000000073a280000, 0x00000007c0000000)
  eden space 1009664K, 0% used [0x0000000671d80000,0x0000000671d80000,0x00000006af780000)
  from space 850944K, 99% used [0x00000006ed980000,0x0000000721863768,0x0000000721880000)
  to   space 1017856K, 0% used [0x00000006af780000,0x00000006af780000,0x00000006ed980000)
 ParOldGen       total 2702336K, used 2065958K [0x00000003d5800000, 0x000000047a700000, 0x0000000671d80000)
  object space 2702336K, 76% used [0x00000003d5800000,0x0000000453989970,0x000000047a700000)
 Metaspace       used 2960K, capacity 4486K, committed 4864K, reserved 1056768K
  class space    used 278K, capacity 386K, committed 512K, reserved 1048576K
}
Event: 4.461 GC heap before
{Heap before GC invocations=11 (full 2):
 PSYoungGen      total 1860608K, used 1860493K [0x0000000671d80000, 0x000000073a280000, 0x00000007c0000000)
  eden space 1009664K, 100% used [0x0000000671d80000,0x00000006af780000,0x00000006af780000)
  from space 850944K, 99% used [0x00000006ed980000,0x0000000721863768,0x0000000721880000)
  to   space 1017856K, 0% used [0x00000006af780000,0x00000006af780000,0x00000006ed980000)
 ParOldGen       total 2702336K, used 2065958K [0x00000003d5800000, 0x000000047a700000, 0x0000000671d80000)
  object space 2702336K, 76% used [0x00000003d5800000,0x0000000453989970,0x000000047a700000)
 Metaspace       used 2960K, capacity 4486K, committed 4864K, reserved 1056768K
  class space    used 278K, capacity 386K, committed 512K, reserved 1048576K
Event: 4.606 GC heap after
Heap after GC invocations=11 (full 2):
 PSYoungGen      total 2027520K, used 1017836K [0x0000000671d80000, 0x0000000756500000, 0x00000007c0000000)
  eden space 1009664K, 0% used [0x0000000671d80000,0x0000000671d80000,0x00000006af780000)
  from space 1017856K, 99% used [0x00000006af780000,0x00000006ed97b128,0x00000006ed980000)
  to   space 1203200K, 0% used [0x000000070ce00000,0x000000070ce00000,0x0000000756500000)
 ParOldGen       total 2702336K, used 2502421K [0x00000003d5800000, 0x000000047a700000, 0x0000000671d80000)
  object space 2702336K, 92% used [0x00000003d5800000,0x000000046e3c5560,0x000000047a700000)
 Metaspace       used 2960K, capacity 4486K, committed 4864K, reserved 1056768K
  class space    used 278K, capacity 386K, committed 512K, reserved 1048576K
}
Event: 4.606 GC heap before
{Heap before GC invocations=12 (full 3):
 PSYoungGen      total 2027520K, used 1017836K [0x0000000671d80000, 0x0000000756500000, 0x00000007c0000000)
  eden space 1009664K, 0% used [0x0000000671d80000,0x0000000671d80000,0x00000006af780000)
  from space 1017856K, 99% used [0x00000006af780000,0x00000006ed97b128,0x00000006ed980000)
  to   space 1203200K, 0% used [0x000000070ce00000,0x000000070ce00000,0x0000000756500000)
 ParOldGen       total 2702336K, used 2502421K [0x00000003d5800000, 0x000000047a700000, 0x0000000671d80000)
  object space 2702336K, 92% used [0x00000003d5800000,0x000000046e3c5560,0x000000047a700000)
 Metaspace       used 2960K, capacity 4486K, committed 4864K, reserved 1056768K
  class space    used 278K, capacity 386K, committed 512K, reserved 1048576K
Event: 7.458 GC heap after
Heap after GC invocations=12 (full 3):
 PSYoungGen      total 2027520K, used 818102K [0x0000000671d80000, 0x0000000756500000, 0x00000007c0000000)
  eden space 1009664K, 0% used [0x0000000671d80000,0x0000000671d80000,0x00000006af780000)
  from space 1017856K, 80% used [0x00000006af780000,0x00000006e166db08,0x00000006ed980000)
  to   space 1203200K, 0% used [0x000000070ce00000,0x000000070ce00000,0x0000000756500000)
 ParOldGen       total 4617728K, used 2701831K [0x00000003d5800000, 0x00000004ef580000, 0x0000000671d80000)
  object space 4617728K, 58% used [0x00000003d5800000,0x000000047a681c50,0x00000004ef580000)
 Metaspace       used 2960K, capacity 4486K, committed 4864K, reserved 1056768K
  class space    used 278K, capacity 386K, committed 512K, reserved 1048576K
}
Event: 7.522 GC heap before
{Heap before GC invocations=13 (full 3):
 PSYoungGen      total 2027520K, used 1827766K [0x0000000671d80000, 0x0000000756500000, 0x00000007c0000000)
  eden space 1009664K, 100% used [0x0000000671d80000,0x00000006af780000,0x00000006af780000)
  from space 1017856K, 80% used [0x00000006af780000,0x00000006e166db08,0x00000006ed980000)
  to   space 1203200K, 0% used [0x000000070ce00000,0x000000070ce00000,0x0000000756500000)
 ParOldGen       total 4617728K, used 2701831K [0x00000003d5800000, 0x00000004ef580000, 0x0000000671d80000)
  object space 4617728K, 58% used [0x00000003d5800000,0x000000047a681c50,0x00000004ef580000)
 Metaspace       used 2960K, capacity 4486K, committed 4864K, reserved 1056768K
  class space    used 278K, capacity 386K, committed 512K, reserved 1048576K
Event: 7.828 GC heap after
Heap after GC invocations=13 (full 3):
 PSYoungGen      total 2338816K, used 1203142K [0x0000000671d80000, 0x000000076ac80000, 0x00000007c0000000)
  eden space 1135616K, 0% used [0x0000000671d80000,0x0000000671d80000,0x00000006b7280000)
  from space 1203200K, 99% used [0x000000070ce00000,0x00000007564f1870,0x0000000756500000)
  to   space 1404416K, 0% used [0x00000006b7280000,0x00000006b7280000,0x000000070ce00000)
 ParOldGen       total 4617728K, used 2920323K [0x00000003d5800000, 0x00000004ef580000, 0x0000000671d80000)
  object space 4617728K, 63% used [0x00000003d5800000,0x0000000487be0e78,0x00000004ef580000)
 Metaspace       used 2960K, capacity 4486K, committed 4864K, reserved 1056768K
  class space    used 278K, capacity 386K, committed 512K, reserved 1048576K
}
Event: 7.904 GC heap before
{Heap before GC invocations=14 (full 3):
 PSYoungGen      total 2338816K, used 2338758K [0x0000000671d80000, 0x000000076ac80000, 0x00000007c0000000)
  eden space 1135616K, 100% used [0x0000000671d80000,0x00000006b7280000,0x00000006b7280000)
  from space 1203200K, 99% used [0x000000070ce00000,0x00000007564f1870,0x0000000756500000)
  to   space 1404416K, 0% used [0x00000006b7280000,0x00000006b7280000,0x000000070ce00000)
 ParOldGen       total 4617728K, used 2920323K [0x00000003d5800000, 0x00000004ef580000, 0x0000000671d80000)
  object space 4617728K, 63% used [0x00000003d5800000,0x0000000487be0e78,0x00000004ef580000)
 Metaspace       used 2960K, capacity 4486K, committed 4864K, reserved 1056768K
  class space    used 278K, capacity 386K, committed 512K, reserved 1048576K
Event: 8.200 GC heap after
Heap after GC invocations=14 (full 3):
 PSYoungGen      total 2540032K, used 1404378K [0x0000000671d80000, 0x0000000795100000, 0x00000007c0000000)
  eden space 1135616K, 0% used [0x0000000671d80000,0x0000000671d80000,0x00000006b7280000)
  from space 1404416K, 99% used [0x00000006b7280000,0x000000070cdf68c0,0x000000070ce00000)
  to   space 1640448K, 0% used [0x0000000730f00000,0x0000000730f00000,0x0000000795100000)
 ParOldGen       total 4617728K, used 3397821K [0x00000003d5800000, 0x00000004ef580000, 0x0000000671d80000)
  object space 4617728K, 73% used [0x00000003d5800000,0x00000004a4e2f438,0x00000004ef580000)
 Metaspace       used 2960K, capacity 4486K, committed 4864K, reserved 1056768K
  class space    used 278K, capacity 386K, committed 512K, reserved 1048576K
}
Event: 8.282 GC heap before
{Heap before GC invocations=15 (full 3):
 PSYoungGen      total 2540032K, used 2539994K [0x0000000671d80000, 0x0000000795100000, 0x00000007c0000000)
  eden space 1135616K, 100% used [0x0000000671d80000,0x00000006b7280000,0x00000006b7280000)
  from space 1404416K, 99% used [0x00000006b7280000,0x000000070cdf68c0,0x000000070ce00000)
  to   space 1640448K, 0% used [0x0000000730f00000,0x0000000730f00000,0x0000000795100000)
 ParOldGen       total 4617728K, used 3397821K [0x00000003d5800000, 0x00000004ef580000, 0x0000000671d80000)
  object space 4617728K, 73% used [0x00000003d5800000,0x00000004a4e2f438,0x00000004ef580000)
 Metaspace       used 2960K, capacity 4486K, committed 4864K, reserved 1056768K
  class space    used 278K, capacity 386K, committed 512K, reserved 1048576K
Event: 9.426 GC heap after
Heap after GC invocations=15 (full 3):
 PSYoungGen      total 2946560K, used 1640209K [0x0000000671d80000, 0x00000007afd80000, 0x00000007c0000000)
  eden space 1306112K, 0% used [0x0000000671d80000,0x0000000671d80000,0x00000006c1900000)
  from space 1640448K, 99% used [0x0000000730f00000,0x00000007950c4748,0x0000000795100000)
  to   space 1824768K, 0% used [0x00000006c1900000,0x00000006c1900000,0x0000000730f00000)
 ParOldGen       total 4617728K, used 3840226K [0x00000003d5800000, 0x00000004ef580000, 0x0000000671d80000)
  object space 4617728K, 83% used [0x00000003d5800000,0x00000004bfe38b20,0x00000004ef580000)
 Metaspace       used 2960K, capacity 4486K, committed 4864K, reserved 1056768K
  class space    used 278K, capacity 386K, committed 512K, reserved 1048576K
}
Event: 9.519 GC heap before
{Heap before GC invocations=16 (full 3):
 PSYoungGen      total 2946560K, used 2946321K [0x0000000671d80000, 0x00000007afd80000, 0x00000007c0000000)
  eden space 1306112K, 100% used [0x0000000671d80000,0x00000006c1900000,0x00000006c1900000)
  from space 1640448K, 99% used [0x0000000730f00000,0x00000007950c4748,0x0000000795100000)
  to   space 1824768K, 0% used [0x00000006c1900000,0x00000006c1900000,0x0000000730f00000)
 ParOldGen       total 4617728K, used 3840226K [0x00000003d5800000, 0x00000004ef580000, 0x0000000671d80000)
  object space 4617728K, 83% used [0x00000003d5800000,0x00000004bfe38b20,0x00000004ef580000)
 Metaspace       used 2960K, capacity 4486K, committed 4864K, reserved 1056768K
  class space    used 278K, capacity 386K, committed 512K, reserved 1048576K
Event: 9.869 GC heap after
Heap after GC invocations=16 (full 3):
 PSYoungGen      total 3130880K, used 1824685K [0x0000000671d80000, 0x00000007c0000000, 0x00000007c0000000)
  eden space 1306112K, 0% used [0x0000000671d80000,0x0000000671d80000,0x00000006c1900000)
  from space 1824768K, 99% used [0x00000006c1900000,0x0000000730eeb6b8,0x0000000730f00000)
  to   space 1824768K, 0% used [0x0000000750a00000,0x0000000750a00000,0x00000007c0000000)
 ParOldGen       total 4617728K, used 4436274K [0x00000003d5800000, 0x00000004ef580000, 0x0000000671d80000)
  object space 4617728K, 96% used [0x00000003d5800000,0x00000004e444cb50,0x00000004ef580000)
 Metaspace       used 2960K, capacity 4486K, committed 4864K, reserved 1056768K
  class space    used 278K, capacity 386K, committed 512K, reserved 1048576K
}
Event: 9.869 GC heap before
{Heap before GC invocations=17 (full 4):
 PSYoungGen      total 3130880K, used 1824685K [0x0000000671d80000, 0x00000007c0000000, 0x00000007c0000000)
  eden space 1306112K, 0% used [0x0000000671d80000,0x0000000671d80000,0x00000006c1900000)
  from space 1824768K, 99% used [0x00000006c1900000,0x0000000730eeb6b8,0x0000000730f00000)
  to   space 1824768K, 0% used [0x0000000750a00000,0x0000000750a00000,0x00000007c0000000)
 ParOldGen       total 4617728K, used 4436274K [0x00000003d5800000, 0x00000004ef580000, 0x0000000671d80000)
  object space 4617728K, 96% used [0x00000003d5800000,0x00000004e444cb50,0x00000004ef580000)
 Metaspace       used 2960K, capacity 4486K, committed 4864K, reserved 1056768K
  class space    used 278K, capacity 386K, committed 512K, reserved 1048576K

